# JRE version: Java(TM) SE Runtime Environment (8.0_71-b15) (build 1.8.0_71-b15)
# Java VM: Java HotSpot(TM) 64-Bit Server VM (25.71-b15 mixed mode windows-amd64 compressed oops)
Heap:
 PSYoungGen      total 175104K, used 51531K [0x00000000e0000000, 0x00000000eea00000, 0x0000000100000000)
  eden space 139264K, 28% used [0x00000000e0000000,0x00000000e2719c58,0x00000000e8800000)
  from space 35840K, 32% used [0x00000000eb280000,0x00000000ebdb90f8,0x00000000ed580000)
  to   space 43520K, 0% used [0x00000000e8800000,0x00000000e8800000,0x00000000eb280000)
 ParOldGen       total 68096K, used 61455K [0x00000000a0000000, 0x00000000a4280000, 0x00000000e0000000)
  object space 68096K, 90% used [0x00000000a0000000,0x00000000a3c03f18,0x00000000a4280000)
 Metaspace       used 59862K, capacity 61160K, committed 61312K, reserved 1101824K
  class space    used 7705K, capacity 8013K, committed 8064K, reserved 1048576K
GC Heap History (10 events):
Event: 85.703 GC heap before
{Heap before GC invocations=17 (full 3):
 PSYoungGen      total 153088K, used 26083K [0x00000000e0000000, 0x00000000ed580000, 0x0000000100000000)
  eden space 126976K, 0% used [0x00000000e0000000,0x00000000e0000000,0x00000000e7c00000)
  from space 26112K, 99% used [0x00000000ea100000,0x00000000eba78fc0,0x00000000eba80000)
  to   space 37888K, 0% used [0x00000000e7c00000,0x00000000e7c00000,0x00000000ea100000)
 ParOldGen       total 68096K, used 66038K [0x00000000a0000000, 0x00000000a4280000, 0x00000000e0000000)
  object space 68096K, 96% used [0x00000000a0000000,0x00000000a407da58,0x00000000a4280000)
 Metaspace       used 54009K, capacity 55308K, committed 55424K, reserved 1097728K
  class space    used 7227K, capacity 7517K, committed 7552K, reserved 1048576K
Event: 86.454 GC heap after
Heap after GC invocations=17 (full 3):
 PSYoungGen      total 153088K, used 17684K [0x00000000e0000000, 0x00000000ed580000, 0x0000000100000000)
  eden space 126976K, 0% used [0x00000000e0000000,0x00000000e0000000,0x00000000e7c00000)
  from space 26112K, 67% used [0x00000000ea100000,0x00000000eb2453f0,0x00000000eba80000)
  to   space 37888K, 0% used [0x00000000e7c00000,0x00000000e7c00000,0x00000000ea100000)
 ParOldGen       total 68096K, used 67688K [0x00000000a0000000, 0x00000000a4280000, 0x00000000e0000000)
  object space 68096K, 99% used [0x00000000a0000000,0x00000000a421a250,0x00000000a4280000)
 Metaspace       used 54009K, capacity 55308K, committed 55424K, reserved 1097728K
  class space    used 7227K, capacity 7517K, committed 7552K, reserved 1048576K
}
Event: 100.889 GC heap before
{Heap before GC invocations=18 (full 4):
 PSYoungGen      total 153088K, used 144660K [0x00000000e0000000, 0x00000000ed580000, 0x0000000100000000)
  eden space 126976K, 100% used [0x00000000e0000000,0x00000000e7c00000,0x00000000e7c00000)
  from space 26112K, 67% used [0x00000000ea100000,0x00000000eb2453f0,0x00000000eba80000)
  to   space 37888K, 0% used [0x00000000e7c00000,0x00000000e7c00000,0x00000000ea100000)
 ParOldGen       total 68096K, used 67688K [0x00000000a0000000, 0x00000000a4280000, 0x00000000e0000000)
  object space 68096K, 99% used [0x00000000a0000000,0x00000000a421a250,0x00000000a4280000)
 Metaspace       used 57998K, capacity 59302K, committed 59648K, reserved 1101824K
  class space    used 7588K, capacity 7884K, committed 7936K, reserved 1048576K
Event: 101.472 GC heap after
Heap after GC invocations=18 (full 4):
 PSYoungGen      total 153088K, used 0K [0x00000000e0000000, 0x00000000ed580000, 0x0000000100000000)
  eden space 126976K, 0% used [0x00000000e0000000,0x00000000e0000000,0x00000000e7c00000)
  from space 26112K, 0% used [0x00000000ea100000,0x00000000ea100000,0x00000000eba80000)
  to   space 37888K, 0% used [0x00000000e7c00000,0x00000000e7c00000,0x00000000ea100000)
 ParOldGen       total 68096K, used 47329K [0x00000000a0000000, 0x00000000a4280000, 0x00000000e0000000)
  object space 68096K, 69% used [0x00000000a0000000,0x00000000a2e38460,0x00000000a4280000)
 Metaspace       used 57998K, capacity 59302K, committed 59648K, reserved 1101824K
  class space    used 7588K, capacity 7884K, committed 7936K, reserved 1048576K
}
Event: 104.321 GC heap before
{Heap before GC invocations=19 (full 4):
 PSYoungGen      total 153088K, used 126635K [0x00000000e0000000, 0x00000000ed580000, 0x0000000100000000)
  eden space 126976K, 99% used [0x00000000e0000000,0x00000000e7baae80,0x00000000e7c00000)
  from space 26112K, 0% used [0x00000000ea100000,0x00000000ea100000,0x00000000eba80000)
  to   space 37888K, 0% used [0x00000000e7c00000,0x00000000e7c00000,0x00000000ea100000)
 ParOldGen       total 68096K, used 47329K [0x00000000a0000000, 0x00000000a4280000, 0x00000000e0000000)
  object space 68096K, 69% used [0x00000000a0000000,0x00000000a2e38460,0x00000000a4280000)
 Metaspace       used 59012K, capacity 60294K, committed 60416K, reserved 1101824K
  class space    used 7617K, capacity 7916K, committed 7936K, reserved 1048576K
Event: 104.358 GC heap after
Heap after GC invocations=19 (full 4):
 PSYoungGen      total 164864K, used 15215K [0x00000000e0000000, 0x00000000ed580000, 0x0000000100000000)
  eden space 126976K, 0% used [0x00000000e0000000,0x00000000e0000000,0x00000000e7c00000)
  from space 37888K, 40% used [0x00000000e7c00000,0x00000000e8adbdf0,0x00000000ea100000)
  to   space 35840K, 0% used [0x00000000eb280000,0x00000000eb280000,0x00000000ed580000)
 ParOldGen       total 68096K, used 47337K [0x00000000a0000000, 0x00000000a4280000, 0x00000000e0000000)
  object space 68096K, 69% used [0x00000000a0000000,0x00000000a2e3a460,0x00000000a4280000)
 Metaspace       used 59012K, capacity 60294K, committed 60416K, reserved 1101824K
  class space    used 7617K, capacity 7916K, committed 7936K, reserved 1048576K
}
Event: 108.229 GC heap before
{Heap before GC invocations=20 (full 4):
 PSYoungGen      total 164864K, used 142191K [0x00000000e0000000, 0x00000000ed580000, 0x0000000100000000)
  eden space 126976K, 100% used [0x00000000e0000000,0x00000000e7c00000,0x00000000e7c00000)
  from space 37888K, 40% used [0x00000000e7c00000,0x00000000e8adbdf0,0x00000000ea100000)
  to   space 35840K, 0% used [0x00000000eb280000,0x00000000eb280000,0x00000000ed580000)
 ParOldGen       total 68096K, used 47337K [0x00000000a0000000, 0x00000000a4280000, 0x00000000e0000000)
  object space 68096K, 69% used [0x00000000a0000000,0x00000000a2e3a460,0x00000000a4280000)
 Metaspace       used 59837K, capacity 61160K, committed 61312K, reserved 1101824K
  class space    used 7705K, capacity 8013K, committed 8064K, reserved 1048576K
Event: 108.323 GC heap after
Heap after GC invocations=20 (full 4):
 PSYoungGen      total 175104K, used 35829K [0x00000000e0000000, 0x00000000eea00000, 0x0000000100000000)
  eden space 139264K, 0% used [0x00000000e0000000,0x00000000e0000000,0x00000000e8800000)
  from space 35840K, 99% used [0x00000000eb280000,0x00000000ed57d4a8,0x00000000ed580000)
  to   space 43520K, 0% used [0x00000000e8800000,0x00000000e8800000,0x00000000eb280000)
 ParOldGen       total 68096K, used 52585K [0x00000000a0000000, 0x00000000a4280000, 0x00000000e0000000)
  object space 68096K, 77% used [0x00000000a0000000,0x00000000a335a6e0,0x00000000a4280000)
 Metaspace       used 59837K, capacity 61160K, committed 61312K, reserved 1101824K
  class space    used 7705K, capacity 8013K, committed 8064K, reserved 1048576K
}
Event: 108.323 GC heap before
{Heap before GC invocations=21 (full 5):
 PSYoungGen      total 175104K, used 35829K [0x00000000e0000000, 0x00000000eea00000, 0x0000000100000000)
  eden space 139264K, 0% used [0x00000000e0000000,0x00000000e0000000,0x00000000e8800000)
  from space 35840K, 99% used [0x00000000eb280000,0x00000000ed57d4a8,0x00000000ed580000)
  to   space 43520K, 0% used [0x00000000e8800000,0x00000000e8800000,0x00000000eb280000)
 ParOldGen       total 68096K, used 52585K [0x00000000a0000000, 0x00000000a4280000, 0x00000000e0000000)
  object space 68096K, 77% used [0x00000000a0000000,0x00000000a335a6e0,0x00000000a4280000)
 Metaspace       used 59837K, capacity 61160K, committed 61312K, reserved 1101824K
  class space    used 7705K, capacity 8013K, committed 8064K, reserved 1048576K
Event: 109.052 GC heap after
Heap after GC invocations=21 (full 5):
 PSYoungGen      total 175104K, used 11492K [0x00000000e0000000, 0x00000000eea00000, 0x0000000100000000)
  eden space 139264K, 0% used [0x00000000e0000000,0x00000000e0000000,0x00000000e8800000)
  from space 35840K, 32% used [0x00000000eb280000,0x00000000ebdb90f8,0x00000000ed580000)
  to   space 43520K, 0% used [0x00000000e8800000,0x00000000e8800000,0x00000000eb280000)
 ParOldGen       total 68096K, used 61455K [0x00000000a0000000, 0x00000000a4280000, 0x00000000e0000000)
  object space 68096K, 90% used [0x00000000a0000000,0x00000000a3c03f18,0x00000000a4280000)
 Metaspace       used 59837K, capacity 61160K, committed 61312K, reserved 1101824K
  class space    used 7705K, capacity 8013K, committed 8064K, reserved 1048576K
}

